<?xml version="1.0" encoding="UTF-8"?>
<!-- Generated by org.testng.reporters.JUnitReportReporter -->
<testsuite hostname="DESKTOP-9R5GJM7" failures="0" tests="2" name="tests.FlightBookingTest" time="159.229" errors="0" timestamp="2025-03-01T19:12:13 IST" skipped="0">
  <testcase classname="tests.FlightBookingTest" name="bookFlight" time="79.078"/>
  <testcase classname="tests.FlightBookingTest" name="bookFlight" time="80.151"/>
</testsuite> <!-- tests.FlightBookingTest -->
