<?xml version="1.0" encoding="UTF-8"?>
<!-- Generated by org.testng.reporters.JUnitReportReporter -->
<testsuite hostname="DESKTOP-9R5GJM7" failures="0" tests="3" name="tests.LandingScreenTests" time="287.469" errors="0" timestamp="2025-03-01T19:12:13 IST" skipped="0">
  <testcase classname="tests.LandingScreenTests" name="addToCart" time="98.787"/>
  <testcase classname="tests.LandingScreenTests" name="addToCart" time="95.284"/>
  <testcase classname="tests.LandingScreenTests" name="addToCart" time="93.398"/>
</testsuite> <!-- tests.LandingScreenTests -->
